<?xml version="1.0" encoding="UTF-8"?>
<testsuite xmlns:xsi="http://www.w3.org/2001/XMLSchema-instance" xsi:noNamespaceSchemaLocation="https://maven.apache.org/surefire/maven-surefire-plugin/xsd/surefire-test-report-3.0.xsd" version="3.0" name="br.com.fernandolopez.test.HttpSinkTaskTest" time="1.017" tests="2" errors="0" skipped="0" failures="0">
  <properties>
[...]
</properties>
  <testcase name="shouldCreateSinkTaskStart" classname="br.com.fernandolopez.test.HttpSinkTaskTest" time="0.958">
    <system-err><![CDATA[[main] INFO br.com.fernandolopez.HttpSinkConnect - My Connector config keys:         tasks.max = 1
        topics = my-topic
        group.id = connect-cluster-sink
        bootstrap.servers = localhost:9092
        plugin.path = /home/connectors
        component.https.soTimeout = 30 seconds
        offset.flush.interval.ms = 10000
        output.data.format = string
        sink.url = api-container.apps.ocp-stg.pmenos.com.br
        sink.path.httpUri = /recorder
        sink.endpoint.copyHeaders = true
        internal.value.converter.schemas.enable = false
        value.converter = org.apache.kafka.connect.json.JsonConverter
        sink.endpoint.httpMethod = POST
        key.converter = org.apache.kafka.connect.json.JsonConverter

[main] INFO br.com.fernandolopez.HttpSinkConnect - Definir configuracoes de task para 1 workers.
[main] INFO br.com.fernandolopez.HttpSinkTask - comecou aqui
[main] INFO org.apache.kafka.common.config.AbstractConfig - AbstractConfig values: 
	component.https.soTimeout = 30 seconds
	map.headers = true
	output.data.format = string
	sink.endpoint.bridgeEndpoint = false
	sink.endpoint.copyHeaders = true
	sink.endpoint.customHostHeader = null
	sink.endpoint.disableStreamCache = false
	sink.endpoint.headerFilterStrategy = null
	sink.endpoint.httpMethod = POST
	sink.path.httpUri = /recorder
	sink.url = api-container.apps.ocp-stg.pmenos.com.br
	topics = my-topic

[main] INFO br.com.fernandolopez.HttpSinkTask - Timeout: 30 seconds
[main] INFO br.com.fernandolopez.HttpSinkTask - Method: POST
[main] INFO br.com.fernandolopez.HttpSinkTask - URL Base: api-container.apps.ocp-stg.pmenos.com.br
[main] INFO br.com.fernandolopez.HttpSinkTask - rest: /recorder
[main] INFO br.com.fernandolopez.HttpSinkTask - {"userId": 1, "name": "Fernando", "id": "60335000"}
[main] INFO br.com.fernandolopez.HttpSinkTask - api-container.apps.ocp-stg.pmenos.com.br/10.51.5.160:80 POST /recorder HTTP/1.1
[main] INFO br.com.fernandolopez.HttpSinkTask - api-container.apps.ocp-stg.pmenos.com.br/10.51.5.160:80 HTTP/1.1 100 Continue
[main] INFO br.com.fernandolopez.HttpSinkTask - api-container.apps.ocp-stg.pmenos.com.br/10.51.5.160:80 HTTP/1.1 200 OK
[main] INFO br.com.fernandolopez.HttpSinkTask - /recorder->200
[main] INFO br.com.fernandolopez.HttpSinkTask - api-container.apps.ocp-stg.pmenos.com.br/10.51.5.160:80 exchange completed (connection kept alive)
[main] INFO br.com.fernandolopez.HttpSinkTask - {"userId": 1, "name": "Fernando", "id": "60335000"}
[main] INFO br.com.fernandolopez.HttpSinkTask - ==============
[main] INFO br.com.fernandolopez.HttpSinkTask - {"userId": 1, "name": "Fernando", "id": "60335000"}
[main] INFO br.com.fernandolopez.HttpSinkTask - api-container.apps.ocp-stg.pmenos.com.br/10.51.5.160:80 POST /recorder HTTP/1.1
[main] INFO br.com.fernandolopez.HttpSinkTask - api-container.apps.ocp-stg.pmenos.com.br/10.51.5.160:80 HTTP/1.1 100 Continue
[main] INFO br.com.fernandolopez.HttpSinkTask - api-container.apps.ocp-stg.pmenos.com.br/10.51.5.160:80 HTTP/1.1 200 OK
[main] INFO br.com.fernandolopez.HttpSinkTask - /recorder->200
[main] INFO br.com.fernandolopez.HttpSinkTask - api-container.apps.ocp-stg.pmenos.com.br/10.51.5.160:80 exchange completed (connection kept alive)
[main] INFO br.com.fernandolopez.HttpSinkTask - {"userId": 1, "name": "Fernando", "id": "60335000"}
[main] INFO br.com.fernandolopez.HttpSinkTask - ==============
[main] INFO br.com.fernandolopez.HttpSinkTask - {"userId": 1, "name": "Fernando", "id": "60335000"}
[main] INFO br.com.fernandolopez.HttpSinkTask - api-container.apps.ocp-stg.pmenos.com.br/10.51.5.160:80 POST /recorder HTTP/1.1
[main] INFO br.com.fernandolopez.HttpSinkTask - api-container.apps.ocp-stg.pmenos.com.br/10.51.5.160:80 HTTP/1.1 100 Continue
[main] INFO br.com.fernandolopez.HttpSinkTask - api-container.apps.ocp-stg.pmenos.com.br/10.51.5.160:80 HTTP/1.1 200 OK
[main] INFO br.com.fernandolopez.HttpSinkTask - /recorder->200
[main] INFO br.com.fernandolopez.HttpSinkTask - api-container.apps.ocp-stg.pmenos.com.br/10.51.5.160:80 exchange completed (connection kept alive)
[main] INFO br.com.fernandolopez.HttpSinkTask - {"userId": 1, "name": "Fernando", "id": "60335000"}
[main] INFO br.com.fernandolopez.HttpSinkTask - ==============
[main] INFO br.com.fernandolopez.HttpSinkTask - {"userId": 1, "name": "Fernando", "id": "60335000"}
[main] INFO br.com.fernandolopez.HttpSinkTask - api-container.apps.ocp-stg.pmenos.com.br/10.51.5.160:80 POST /recorder HTTP/1.1
[main] INFO br.com.fernandolopez.HttpSinkTask - api-container.apps.ocp-stg.pmenos.com.br/10.51.5.160:80 HTTP/1.1 100 Continue
[main] INFO br.com.fernandolopez.HttpSinkTask - api-container.apps.ocp-stg.pmenos.com.br/10.51.5.160:80 HTTP/1.1 200 OK
[main] INFO br.com.fernandolopez.HttpSinkTask - /recorder->200
[main] INFO br.com.fernandolopez.HttpSinkTask - api-container.apps.ocp-stg.pmenos.com.br/10.51.5.160:80 exchange completed (connection kept alive)
[main] INFO br.com.fernandolopez.HttpSinkTask - {"userId": 1, "name": "Fernando", "id": "60335000"}
[main] INFO br.com.fernandolopez.HttpSinkTask - ==============
[main] INFO br.com.fernandolopez.HttpSinkTask - {"userId": 1, "name": "Fernando", "id": "60335000"}
[main] INFO br.com.fernandolopez.HttpSinkTask - api-container.apps.ocp-stg.pmenos.com.br/10.51.5.160:80 POST /recorder HTTP/1.1
[main] INFO br.com.fernandolopez.HttpSinkTask - api-container.apps.ocp-stg.pmenos.com.br/10.51.5.160:80 HTTP/1.1 100 Continue
[main] INFO br.com.fernandolopez.HttpSinkTask - api-container.apps.ocp-stg.pmenos.com.br/10.51.5.160:80 HTTP/1.1 200 OK
[main] INFO br.com.fernandolopez.HttpSinkTask - /recorder->200
[main] INFO br.com.fernandolopez.HttpSinkTask - api-container.apps.ocp-stg.pmenos.com.br/10.51.5.160:80 exchange completed (connection kept alive)
[main] INFO br.com.fernandolopez.HttpSinkTask - {"userId": 1, "name": "Fernando", "id": "60335000"}
[main] INFO br.com.fernandolopez.HttpSinkTask - ==============
]]></system-err>
  </testcase>
  <testcase name="shouldCreateSinkTask" classname="br.com.fernandolopez.test.HttpSinkTaskTest" time="0.008"/>
</testsuite>