<?xml version="1.0" encoding="UTF-8"?>
<testsuite xmlns:xsi="http://www.w3.org/2001/XMLSchema-instance" xsi:noNamespaceSchemaLocation="https://maven.apache.org/surefire/maven-surefire-plugin/xsd/surefire-test-report-3.0.xsd" version="3.0" name="br.com.fernandolopez.test.HttpSinkTaskTest" time="1.376" tests="2" errors="0" skipped="0" failures="0">
  <properties>
[...]
</properties>
  <testcase name="shouldCreateSinkTaskStart" classname="br.com.fernandolopez.test.HttpSinkTaskTest" time="1.321">
    <system-out><![CDATA[data: class java.lang.String
viacep.com.br/165.227.126.241:80 GET /ws/60335000/json/ HTTP/1.1
viacep.com.br/165.227.126.241:80 HTTP/1.1 200 OK
viacep.com.br/165.227.126.241:80 exchange completed (connection kept alive)
data: class java.lang.String
viacep.com.br/165.227.126.241:80 GET /ws/60335000/json/ HTTP/1.1
viacep.com.br/165.227.126.241:80 HTTP/1.1 200 OK
viacep.com.br/165.227.126.241:80 exchange completed (connection kept alive)
data: class java.lang.String
viacep.com.br/165.227.126.241:80 GET /ws/60335000/json/ HTTP/1.1
viacep.com.br/165.227.126.241:80 HTTP/1.1 200 OK
viacep.com.br/165.227.126.241:80 exchange completed (connection kept alive)
data: class java.lang.String
viacep.com.br/165.227.126.241:80 GET /ws/60335000/json/ HTTP/1.1
viacep.com.br/165.227.126.241:80 HTTP/1.1 200 OK
viacep.com.br/165.227.126.241:80 exchange completed (connection kept alive)
data: class java.lang.String
viacep.com.br/165.227.126.241:80 GET /ws/60335000/json/ HTTP/1.1
viacep.com.br/165.227.126.241:80 HTTP/1.1 200 OK
viacep.com.br/165.227.126.241:80 exchange completed (connection kept alive)
]]></system-out>
    <system-err><![CDATA[[main] INFO br.com.fernandolopez.HttpSinkConnect - My Connector config keys:         tasks.max = 1
        topics = my-topic
        group.id = connect-cluster-sink
        pmenos.sink.endpoint.httpMethod = GET
        pmenos.component.https.soTimeout = 30 seconds
        bootstrap.servers = localhost:9092
        plugin.path = /home/connectors
        pmenos.sink.path.httpUri = /ws/${id}/json/
        offset.flush.interval.ms = 10000
        output.data.format = json
        pmenos.sink.url = viacep.com.br
        internal.value.converter.schemas.enable = false
        value.converter = org.apache.kafka.connect.json.JsonConverter
        key.converter = org.apache.kafka.connect.storage.StringConverter

[main] INFO br.com.fernandolopez.HttpSinkConnect - Definir configuracoes de task para 1 workers.
[main] INFO br.com.fernandolopez.HttpSinkTask - comecou aqui
[main] INFO org.apache.kafka.common.config.AbstractConfig - AbstractConfig values: 
	output.data.format = json
	pmenos.component.https.soTimeout = 30 seconds
	pmenos.map.headers = true
	pmenos.sink.endpoint.bridgeEndpoint = false
	pmenos.sink.endpoint.copyHeaders = true
	pmenos.sink.endpoint.customHostHeader = null
	pmenos.sink.endpoint.disableStreamCache = false
	pmenos.sink.endpoint.headerFilterStrategy = null
	pmenos.sink.endpoint.httpMethod = GET
	pmenos.sink.path.httpUri = /ws/${id}/json/
	pmenos.sink.url = viacep.com.br
	topics = my-topic

[main] INFO br.com.fernandolopez.HttpSinkTask - Timeout: 30 seconds
[main] INFO br.com.fernandolopez.HttpSinkTask - Method: GET
[main] INFO br.com.fernandolopez.HttpSinkTask - URL Base: viacep.com.br
[main] INFO br.com.fernandolopez.HttpSinkTask - rest: /ws/${id}/json/
[main] INFO br.com.fernandolopez.HttpSinkTask - {"userId": 1, "name": "Fernando", "id": "60335000"}
[main] INFO br.com.fernandolopez.HttpSinkTask - /ws/60335000/json/->200
[main] INFO br.com.fernandolopez.HttpSinkTask - {
  "cep": "60335-000",
  "logradouro": "Avenida Pasteur",
  "complemento": "de 600 ao fim - lado par",
  "bairro": "Álvaro Weyne",
  "localidade": "Fortaleza",
  "uf": "CE",
  "ibge": "2304400",
  "gia": "",
  "ddd": "85",
  "siafi": "1389"
}
[main] INFO br.com.fernandolopez.HttpSinkTask - ==============
[main] INFO br.com.fernandolopez.HttpSinkTask - {"userId": 1, "name": "Fernando", "id": "60335000"}
[main] INFO br.com.fernandolopez.HttpSinkTask - /ws/60335000/json/->200
[main] INFO br.com.fernandolopez.HttpSinkTask - {
  "cep": "60335-000",
  "logradouro": "Avenida Pasteur",
  "complemento": "de 600 ao fim - lado par",
  "bairro": "Álvaro Weyne",
  "localidade": "Fortaleza",
  "uf": "CE",
  "ibge": "2304400",
  "gia": "",
  "ddd": "85",
  "siafi": "1389"
}
[main] INFO br.com.fernandolopez.HttpSinkTask - ==============
[main] INFO br.com.fernandolopez.HttpSinkTask - {"userId": 1, "name": "Fernando", "id": "60335000"}
[main] INFO br.com.fernandolopez.HttpSinkTask - /ws/60335000/json/->200
[main] INFO br.com.fernandolopez.HttpSinkTask - {
  "cep": "60335-000",
  "logradouro": "Avenida Pasteur",
  "complemento": "de 600 ao fim - lado par",
  "bairro": "Álvaro Weyne",
  "localidade": "Fortaleza",
  "uf": "CE",
  "ibge": "2304400",
  "gia": "",
  "ddd": "85",
  "siafi": "1389"
}
[main] INFO br.com.fernandolopez.HttpSinkTask - ==============
[main] INFO br.com.fernandolopez.HttpSinkTask - {"userId": 1, "name": "Fernando", "id": "60335000"}
[main] INFO br.com.fernandolopez.HttpSinkTask - /ws/60335000/json/->200
[main] INFO br.com.fernandolopez.HttpSinkTask - {
  "cep": "60335-000",
  "logradouro": "Avenida Pasteur",
  "complemento": "de 600 ao fim - lado par",
  "bairro": "Álvaro Weyne",
  "localidade": "Fortaleza",
  "uf": "CE",
  "ibge": "2304400",
  "gia": "",
  "ddd": "85",
  "siafi": "1389"
}
[main] INFO br.com.fernandolopez.HttpSinkTask - ==============
[main] INFO br.com.fernandolopez.HttpSinkTask - {"userId": 1, "name": "Fernando", "id": "60335000"}
[main] INFO br.com.fernandolopez.HttpSinkTask - /ws/60335000/json/->200
[main] INFO br.com.fernandolopez.HttpSinkTask - {
  "cep": "60335-000",
  "logradouro": "Avenida Pasteur",
  "complemento": "de 600 ao fim - lado par",
  "bairro": "Álvaro Weyne",
  "localidade": "Fortaleza",
  "uf": "CE",
  "ibge": "2304400",
  "gia": "",
  "ddd": "85",
  "siafi": "1389"
}
[main] INFO br.com.fernandolopez.HttpSinkTask - ==============
]]></system-err>
  </testcase>
  <testcase name="shouldCreateSinkTask" classname="br.com.fernandolopez.test.HttpSinkTaskTest" time="0.007"/>
</testsuite>