<?xml version="1.0" encoding="UTF-8"?>
<testsuite xmlns:xsi="http://www.w3.org/2001/XMLSchema-instance" xsi:noNamespaceSchemaLocation="https://maven.apache.org/surefire/maven-surefire-plugin/xsd/surefire-test-report-3.0.xsd" version="3.0" name="br.com.fernandolopez.test.SinkRecordTest" time="0.045" tests="7" errors="0" skipped="0" failures="0">
  <properties>
[...]
</properties>
  <testcase name="shouldRetainOriginalTopicPartition" classname="br.com.fernandolopez.test.SinkRecordTest" time="0.004"/>
  <testcase name="shouldDuplicateRecordAndCloneHeaders" classname="br.com.fernandolopez.test.SinkRecordTest" time="0.002"/>
  <testcase name="shouldCreateSinkRecordWithEmptyHeaders" classname="br.com.fernandolopez.test.SinkRecordTest" time="0.0"/>
  <testcase name="shouldDuplicateRecordUsingNewHeaders" classname="br.com.fernandolopez.test.SinkRecordTest" time="0.002"/>
  <testcase name="shouldModifyRecordHeader" classname="br.com.fernandolopez.test.SinkRecordTest" time="0.006"/>
  <testcase name="shouldCreateSinkRecordWithHeaders" classname="br.com.fernandolopez.test.SinkRecordTest" time="0.002"/>
  <testcase name="shouldRetainOriginalTopicPartitionWithOlderConstructor" classname="br.com.fernandolopez.test.SinkRecordTest" time="0.001"/>
</testsuite>